<?xml version="1.0" encoding="UTF-8"?>
<testng-results ignored="0" total="1" passed="1" failed="0" skipped="0">
  <reporter-output>
  </reporter-output>
  <suite started-at="2025-03-28T09:29:56 IST" name="Default suite" finished-at="2025-03-28T09:29:56 IST" duration-ms="75">
    <groups>
    </groups>
    <test started-at="2025-03-28T09:29:56 IST" name="Default test" finished-at="2025-03-28T09:29:56 IST" duration-ms="75">
      <class name="sample.Demo">
        <test-method signature="display()[pri:0, instance:sample.Demo@3b0090a4]" started-at="2025-03-28T09:29:56 IST" name="display" finished-at="2025-03-28T09:29:56 IST" duration-ms="14" status="PASS">
          <reporter-output>
          </reporter-output>
        </test-method> <!-- display -->
      </class> <!-- sample.Demo -->
    </test> <!-- Default test -->
  </suite> <!-- Default suite -->
</testng-results>
